Arguments: 
  /usr/local/bin/node /usr/local/bin/yarn add @material-ui/icons

PATH: 
  /Users/sergey.gerasimov/usr/bin:/usr/local/bin:/usr/bin:/bin:/usr/sbin:/sbin

Yarn version: 
  1.17.3

Node version: 
  10.16.3

Platform: 
  darwin x64

Trace: 
  Error: EACCES: permission denied, mkdir '/Users/sergey.gerasimov/project/testcrypta/node_modules/@babel/core/node_modules/json5'

npm manifest: 
  {
    "name": "reactcripta",
    "version": "0.1.0",
    "private": true,
    "homepage": "https://serger777.github.io/reactcripta/",
    "dependencies": {
      "prop-types": "^15.7.2",
      "react": "^16.12.0",
      "react-dom": "^16.12.0",
      "react-redux": "^7.1.3",
      "react-router-dom": "^5.1.2",
      "react-scripts": "3.4.0",
      "redux": "^4.0.5",
      "redux-thunk": "^2.3.0"
    },
    "devDependencies": {
      "eslint": "^6.8.0",
      "eslint-config-airbnb": "^18.0.1",
      "eslint-plugin-import": "^2.7.0",
      "eslint-plugin-prettier": "^3.1.1",
      "eslint-plugin-react": "^7.18.3",
      "stylelint": "^9.8.0",
      "stylelint-order": "^4.0.0",
      "stylelint-config-standard": "^20.0.0",
      "stylelint-scss": "^3.14.2",
      "gh-pages": "^2.2.0"
    },
    "scripts": {
      "start": "react-scripts start",
      "build": "react-scripts build",
      "test": "react-scripts test",
      "eject": "react-scripts eject",
      "lint:js": "eslint src/ --fix --color ",
      "lint:css": "stylelint src/ --fix --color",
      "deploy": "gh-pages -d build"
    },
    "eslintConfig": {},
    "browserslist": {
      "production": [
        ">0.2%",
        "not dead",
        "not op_mini all"
      ],
      "development": [
        "last 1 chrome version",
        "last 1 firefox version",
        "last 1 safari version"
      ]
    }
  }

yarn manifest: 
  No manifest

Lockfile: 
  No lockfile
